生成启动时间为 2017/5/30 星期二 下午 10:36:55。
     1>项目“E:\Qt\TTMedia\GanttMel\GanttMel\GanttMel\GanttMel.vcxproj”在节点 2 上(Build 个目标)。
     1>C:\Program Files (x86)\MSBuild\Microsoft.Cpp\v4.0\V120\Microsoft.CppBuild.targets(935,5): warning MSB8027: Two or more files with the name of moc_datacentermgr.cpp will produce outputs to the same location. This can lead to an incorrect build result.  The files involved are GeneratedFiles\Debug\moc_datacentermgr.cpp, GeneratedFiles\Release\moc_datacentermgr.cpp.
     1>C:\Program Files (x86)\MSBuild\Microsoft.Cpp\v4.0\V120\Microsoft.CppBuild.targets(935,5): warning MSB8027: Two or more files with the name of moc_ganttcanvaswgt.cpp will produce outputs to the same location. This can lead to an incorrect build result.  The files involved are GeneratedFiles\Debug\moc_ganttcanvaswgt.cpp, GeneratedFiles\Release\moc_ganttcanvaswgt.cpp.
     1>C:\Program Files (x86)\MSBuild\Microsoft.Cpp\v4.0\V120\Microsoft.CppBuild.targets(935,5): warning MSB8027: Two or more files with the name of moc_ganttmel.cpp will produce outputs to the same location. This can lead to an incorrect build result.  The files involved are GeneratedFiles\Debug\moc_ganttmel.cpp, GeneratedFiles\Release\moc_ganttmel.cpp.
     1>C:\Program Files (x86)\MSBuild\Microsoft.Cpp\v4.0\V120\Microsoft.CppBuild.targets(935,5): warning MSB8027: Two or more files with the name of moc_ganttsetting.cpp will produce outputs to the same location. This can lead to an incorrect build result.  The files involved are GeneratedFiles\Debug\moc_ganttsetting.cpp, GeneratedFiles\Release\moc_ganttsetting.cpp.
     1>ClCompile:
         C:\Program Files (x86)\Microsoft Visual Studio 12.0\VC\bin\CL.exe /c /I.\GeneratedFiles /I. /IE:\Qt\Qt5.3.2_MSVC2013\5.3\msvc2013_opengl\include /I.\GeneratedFiles\Debug /IE:\Qt\Qt5.3.2_MSVC2013\5.3\msvc2013_opengl\include\QtCore /IE:\Qt\Qt5.3.2_MSVC2013\5.3\msvc2013_opengl\include\QtGui /IE:\Qt\Qt5.3.2_MSVC2013\5.3\msvc2013_opengl\include\QtWidgets /Zi /nologo /W1 /WX- /Od /Oy- /D UNICODE /D WIN32 /D WIN64 /D QT_DLL /D QT_CORE_LIB /D QT_GUI_LIB /D QT_WIDGETS_LIB /Gm- /EHsc /MDd /GS /fp:precise /Zc:wchar_t /Zc:forScope /Fo"Debug\\" /Fd"Debug\vc120.pdb" /Gd /TP /analyze- /errorReport:prompt ganttcanvaswgt.cpp
         ganttcanvaswgt.cpp
       Link:
         C:\Program Files (x86)\Microsoft Visual Studio 12.0\VC\bin\link.exe /ERRORREPORT:PROMPT /OUT:"E:\Qt\TTMedia\GanttMel\GanttMel\Win32\Debug\\GanttMel.exe" /NOLOGO /LIBPATH:E:\Qt\Qt5.3.2_MSVC2013\5.3\msvc2013_opengl\lib qtmaind.lib Qt5Cored.lib Qt5Guid.lib Qt5Widgetsd.lib kernel32.lib user32.lib gdi32.lib winspool.lib comdlg32.lib advapi32.lib shell32.lib ole32.lib oleaut32.lib uuid.lib odbc32.lib odbccp32.lib /MANIFEST /MANIFESTUAC:"level='asInvoker' uiAccess='false'" /manifest:embed /DEBUG /PDB:"E:\Qt\TTMedia\GanttMel\GanttMel\Win32\Debug\GanttMel.pdb" /SUBSYSTEM:WINDOWS /TLBID:1 /DYNAMICBASE /NXCOMPAT /IMPLIB:"E:\Qt\TTMedia\GanttMel\GanttMel\Win32\Debug\GanttMel.lib" /MACHINE:X86 /SAFESEH Debug\GanttMel.res
         Debug\datacentermgr.obj
         Debug\ganttcanvaswgt.obj
         Debug\ganttmel.obj
         Debug\ganttsetting.obj
         Debug\moc_datacentermgr.obj
         Debug\moc_ganttcanvaswgt.obj
         Debug\moc_ganttmel.obj
         Debug\moc_ganttsetting.obj
         Debug\qrc_ganttmel.obj
         Debug\main.obj
         GanttMel.vcxproj -> E:\Qt\TTMedia\GanttMel\GanttMel\Win32\Debug\GanttMel.exe
     1>已完成生成项目“E:\Qt\TTMedia\GanttMel\GanttMel\GanttMel\GanttMel.vcxproj”(Build 个目标)的操作。

生成成功。

已用时间 00:00:01.54
